warn: Oct-18-2021 13:11:21: 	You don't have permissions!
warn: Oct-18-2021 13:16:31: 	You don't have permissions!
info: Oct-18-2021 13:25:06: 	Board has been successfully added
info: Oct-18-2021 13:29:57: 	Board has been successfully deleted
info: Oct-18-2021 13:31:12: 	Board has been successfully updated
info: Oct-18-2021 13:40:14: 	Board has been successfully deleted
info: Oct-18-2021 13:40:48: 	Board has been successfully deleted
error: Oct-18-2021 13:48:58: 	ENOENT: no such file or directory, open 'C:\projects\study\nodeJS\expressJS\boars.json'
error: Oct-18-2021 13:56:41: 	ENOENT: no such file or directory, open 'C:\projects\study\nodeJS\expressJS\boafrds.json'
info: Oct-18-2021 13:57:17: 	Boards were successfully recieved
info: Oct-18-2021 13:59:06: 	Board has been successfully added
info: Oct-18-2021 14:00:02: 	Board has been successfully added
info: Oct-18-2021 14:01:26: 	Board has been successfully added
info: Oct-18-2021 14:03:23: 	Board has been successfully added
info: Oct-18-2021 14:06:09: 	Board has been successfully updated
info: Oct-18-2021 14:06:20: 	Board has been successfully deleted
info: Oct-18-2021 14:12:10: 	Card has been successfully added
info: Oct-18-2021 14:13:00: 	Card has been successfully added
info: Oct-18-2021 14:13:06: 	Card has been successfully updated
info: Oct-18-2021 14:15:36: 	Card has been successfully deleted
info: Oct-18-2021 14:50:17: 	Cards were successfully recieved
info: Oct-18-2021 16:07:05: 	Board has been successfully added
info: Oct-18-2021 16:07:36: 	Board has been successfully added
error: Oct-18-2021 16:18:37: 	"name" must be a string
info: Oct-18-2021 16:18:37: 	Board has been successfully added
info: Oct-18-2021 16:22:29: 	Board has been successfully added
info: Oct-18-2021 16:24:00: 	Board has been successfully added
error: Oct-18-2021 16:30:07: 	"name" is required
info: Oct-18-2021 16:30:07: 	Board has been successfully added
error: Oct-18-2021 16:38:20: 	"labels" must be an array
info: Oct-18-2021 16:38:20: 	Card has been successfully added
info: Oct-18-2021 16:38:34: 	Card has been successfully added
info: Oct-18-2021 17:22:37: 	Board has been successfully added
info: Oct-18-2021 17:22:41: 	Boards were successfully recieved
info: Oct-20-2021 11:10:35: 	Board has been successfully deleted
info: Oct-20-2021 11:11:02: 	Board has been successfully updated
info: Oct-20-2021 11:19:04: 	Board has been successfully added
info: Oct-20-2021 11:20:17: 	Board has been successfully updated
info: Oct-20-2021 11:22:14: 	Board has been successfully updated
info: Oct-20-2021 11:22:20: 	Board has been successfully deleted
info: Oct-20-2021 11:27:23: 	Boards were successfully recieved
info: Oct-20-2021 11:27:47: 	Board has been successfully updated
info: Oct-20-2021 11:28:17: 	Board has been successfully updated
info: Oct-20-2021 11:28:33: 	Board has been successfully updated
info: Oct-20-2021 11:30:45: 	Card has been successfully updated
error: Oct-29-2021 12:13:46: 	ENOENT: no such file or directory, open 'C:\projects\study\nodeJS\expressJS\boards.json'
error: Oct-29-2021 12:14:27: 	ENOENT: no such file or directory, open 'C:\projects\study\nodeJS\expressJS\boards.json'
error: Oct-29-2021 12:16:01: 	ENOENT: no such file or directory, open 'C:\projects\study\nodeJS\expressJS\data\boards.json'
error: Oct-29-2021 12:16:48: 	ENOENT: no such file or directory, open 'C:\projects\study\nodeJS\expressJS\data\boards.json'
error: Oct-29-2021 12:19:49: 	ENOENT: no such file or directory, open 'C:\projects\study\nodeJS\server\data\boards.json'
info: Oct-29-2021 12:20:47: 	Boards were successfully recieved
info: Oct-29-2021 12:41:42: 	Cards were successfully recieved
info: Oct-29-2021 13:02:08: 	Board has been successfully added
info: Oct-29-2021 13:05:57: 	Board has been successfully added
info: Oct-29-2021 13:06:16: 	Board has been successfully added
warn: Oct-29-2021 13:07:15: 	You don't have permissions!
info: Oct-29-2021 13:07:15: 	Board has been successfully added
info: Oct-29-2021 13:07:37: 	Board has been successfully added
warn: Oct-29-2021 13:07:40: 	You don't have permissions!
info: Oct-29-2021 13:13:37: 	Board has been successfully added
warn: Oct-29-2021 13:13:41: 	You don't have permissions!
